Determining if the Q_WS_WIN exist failed with the following output:
Change Dir: /home/sacha/programmation/gluon/examples/kcl/tutorial1/build/CMakeFiles/CMakeTmp

Run Build Command:/usr/bin/make "cmTryCompileExec/fast"
/usr/bin/make -f CMakeFiles/cmTryCompileExec.dir/build.make CMakeFiles/cmTryCompileExec.dir/build
make[1]: entrant dans le répertoire « /home/sacha/programmation/gluon/examples/kcl/tutorial1/build/CMakeFiles/CMakeTmp »
/usr/bin/cmake -E cmake_progress_report /home/sacha/programmation/gluon/examples/kcl/tutorial1/build/CMakeFiles/CMakeTmp/CMakeFiles 1
Building C object CMakeFiles/cmTryCompileExec.dir/CheckSymbolExists.c.o
/usr/bin/gcc   -I/usr/include/qt4   -o CMakeFiles/cmTryCompileExec.dir/CheckSymbolExists.c.o   -c /home/sacha/programmation/gluon/examples/kcl/tutorial1/build/CMakeFiles/CMakeTmp/CheckSymbolExists.c
/home/sacha/programmation/gluon/examples/kcl/tutorial1/build/CMakeFiles/CMakeTmp/CheckSymbolExists.c: In function ‘main’:
/home/sacha/programmation/gluon/examples/kcl/tutorial1/build/CMakeFiles/CMakeTmp/CheckSymbolExists.c:8: erreur: ‘Q_WS_WIN’ undeclared (first use in this function)
/home/sacha/programmation/gluon/examples/kcl/tutorial1/build/CMakeFiles/CMakeTmp/CheckSymbolExists.c:8: erreur: (Each undeclared identifier is reported only once
/home/sacha/programmation/gluon/examples/kcl/tutorial1/build/CMakeFiles/CMakeTmp/CheckSymbolExists.c:8: erreur: for each function it appears in.)
make[1]: *** [CMakeFiles/cmTryCompileExec.dir/CheckSymbolExists.c.o] Erreur 1
make[1]: quittant le répertoire « /home/sacha/programmation/gluon/examples/kcl/tutorial1/build/CMakeFiles/CMakeTmp »
make: *** [cmTryCompileExec/fast] Erreur 2

File /home/sacha/programmation/gluon/examples/kcl/tutorial1/build/CMakeFiles/CMakeTmp/CheckSymbolExists.c:
/* */
#include <QtCore/qglobal.h>

void cmakeRequireSymbol(int dummy,...){(void)dummy;}
int main()
{
#ifndef Q_WS_WIN
  cmakeRequireSymbol(0,&Q_WS_WIN);
#endif
  return 0;
}

Determining if the Q_WS_QWS exist failed with the following output:
Change Dir: /home/sacha/programmation/gluon/examples/kcl/tutorial1/build/CMakeFiles/CMakeTmp

Run Build Command:/usr/bin/make "cmTryCompileExec/fast"
/usr/bin/make -f CMakeFiles/cmTryCompileExec.dir/build.make CMakeFiles/cmTryCompileExec.dir/build
make[1]: entrant dans le répertoire « /home/sacha/programmation/gluon/examples/kcl/tutorial1/build/CMakeFiles/CMakeTmp »
/usr/bin/cmake -E cmake_progress_report /home/sacha/programmation/gluon/examples/kcl/tutorial1/build/CMakeFiles/CMakeTmp/CMakeFiles 1
Building C object CMakeFiles/cmTryCompileExec.dir/CheckSymbolExists.c.o
/usr/bin/gcc   -I/usr/include/qt4   -o CMakeFiles/cmTryCompileExec.dir/CheckSymbolExists.c.o   -c /home/sacha/programmation/gluon/examples/kcl/tutorial1/build/CMakeFiles/CMakeTmp/CheckSymbolExists.c
/home/sacha/programmation/gluon/examples/kcl/tutorial1/build/CMakeFiles/CMakeTmp/CheckSymbolExists.c: In function ‘main’:
/home/sacha/programmation/gluon/examples/kcl/tutorial1/build/CMakeFiles/CMakeTmp/CheckSymbolExists.c:8: erreur: ‘Q_WS_QWS’ undeclared (first use in this function)
/home/sacha/programmation/gluon/examples/kcl/tutorial1/build/CMakeFiles/CMakeTmp/CheckSymbolExists.c:8: erreur: (Each undeclared identifier is reported only once
/home/sacha/programmation/gluon/examples/kcl/tutorial1/build/CMakeFiles/CMakeTmp/CheckSymbolExists.c:8: erreur: for each function it appears in.)
make[1]: *** [CMakeFiles/cmTryCompileExec.dir/CheckSymbolExists.c.o] Erreur 1
make[1]: quittant le répertoire « /home/sacha/programmation/gluon/examples/kcl/tutorial1/build/CMakeFiles/CMakeTmp »
make: *** [cmTryCompileExec/fast] Erreur 2

File /home/sacha/programmation/gluon/examples/kcl/tutorial1/build/CMakeFiles/CMakeTmp/CheckSymbolExists.c:
/* */
#include <QtCore/qglobal.h>

void cmakeRequireSymbol(int dummy,...){(void)dummy;}
int main()
{
#ifndef Q_WS_QWS
  cmakeRequireSymbol(0,&Q_WS_QWS);
#endif
  return 0;
}

Determining if the Q_WS_MAC exist failed with the following output:
Change Dir: /home/sacha/programmation/gluon/examples/kcl/tutorial1/build/CMakeFiles/CMakeTmp

Run Build Command:/usr/bin/make "cmTryCompileExec/fast"
/usr/bin/make -f CMakeFiles/cmTryCompileExec.dir/build.make CMakeFiles/cmTryCompileExec.dir/build
make[1]: entrant dans le répertoire « /home/sacha/programmation/gluon/examples/kcl/tutorial1/build/CMakeFiles/CMakeTmp »
/usr/bin/cmake -E cmake_progress_report /home/sacha/programmation/gluon/examples/kcl/tutorial1/build/CMakeFiles/CMakeTmp/CMakeFiles 1
Building C object CMakeFiles/cmTryCompileExec.dir/CheckSymbolExists.c.o
/usr/bin/gcc   -I/usr/include/qt4   -o CMakeFiles/cmTryCompileExec.dir/CheckSymbolExists.c.o   -c /home/sacha/programmation/gluon/examples/kcl/tutorial1/build/CMakeFiles/CMakeTmp/CheckSymbolExists.c
/home/sacha/programmation/gluon/examples/kcl/tutorial1/build/CMakeFiles/CMakeTmp/CheckSymbolExists.c: In function ‘main’:
/home/sacha/programmation/gluon/examples/kcl/tutorial1/build/CMakeFiles/CMakeTmp/CheckSymbolExists.c:8: erreur: ‘Q_WS_MAC’ undeclared (first use in this function)
/home/sacha/programmation/gluon/examples/kcl/tutorial1/build/CMakeFiles/CMakeTmp/CheckSymbolExists.c:8: erreur: (Each undeclared identifier is reported only once
/home/sacha/programmation/gluon/examples/kcl/tutorial1/build/CMakeFiles/CMakeTmp/CheckSymbolExists.c:8: erreur: for each function it appears in.)
make[1]: *** [CMakeFiles/cmTryCompileExec.dir/CheckSymbolExists.c.o] Erreur 1
make[1]: quittant le répertoire « /home/sacha/programmation/gluon/examples/kcl/tutorial1/build/CMakeFiles/CMakeTmp »
make: *** [cmTryCompileExec/fast] Erreur 2

File /home/sacha/programmation/gluon/examples/kcl/tutorial1/build/CMakeFiles/CMakeTmp/CheckSymbolExists.c:
/* */
#include <QtCore/qglobal.h>

void cmakeRequireSymbol(int dummy,...){(void)dummy;}
int main()
{
#ifndef Q_WS_MAC
  cmakeRequireSymbol(0,&Q_WS_MAC);
#endif
  return 0;
}

Determining if the function pthread_create exists in the pthreads failed with the following output:
Change Dir: /home/sacha/programmation/gluon/examples/kcl/tutorial1/build/CMakeFiles/CMakeTmp

Run Build Command:/usr/bin/make "cmTryCompileExec/fast"
/usr/bin/make -f CMakeFiles/cmTryCompileExec.dir/build.make CMakeFiles/cmTryCompileExec.dir/build
make[1]: entrant dans le répertoire « /home/sacha/programmation/gluon/examples/kcl/tutorial1/build/CMakeFiles/CMakeTmp »
/usr/bin/cmake -E cmake_progress_report /home/sacha/programmation/gluon/examples/kcl/tutorial1/build/CMakeFiles/CMakeTmp/CMakeFiles 1
Building C object CMakeFiles/cmTryCompileExec.dir/CheckFunctionExists.c.o
/usr/bin/gcc   -DCHECK_FUNCTION_EXISTS=pthread_create   -o CMakeFiles/cmTryCompileExec.dir/CheckFunctionExists.c.o   -c /usr/share/cmake-2.6/Modules/CheckFunctionExists.c
Linking C executable cmTryCompileExec
/usr/bin/cmake -E cmake_link_script CMakeFiles/cmTryCompileExec.dir/link.txt --verbose=1
/usr/bin/gcc     -DCHECK_FUNCTION_EXISTS=pthread_create   CMakeFiles/cmTryCompileExec.dir/CheckFunctionExists.c.o  -o cmTryCompileExec -rdynamic -lpthreads 
/usr/bin/ld: cannot find -lpthreads
collect2: ld a retourné 1 code d'état d'exécution
make[1]: *** [cmTryCompileExec] Erreur 1
make[1]: quittant le répertoire « /home/sacha/programmation/gluon/examples/kcl/tutorial1/build/CMakeFiles/CMakeTmp »
make: *** [cmTryCompileExec/fast] Erreur 2


Performing C++ SOURCE FILE Test _OFFT_IS_64BIT failed with the following output:
Change Dir: /home/sacha/programmation/gluon/examples/kcl/tutorial1/build/CMakeFiles/CMakeTmp

Run Build Command:/usr/bin/make "cmTryCompileExec/fast"
/usr/bin/make -f CMakeFiles/cmTryCompileExec.dir/build.make CMakeFiles/cmTryCompileExec.dir/build
make[1]: entrant dans le répertoire « /home/sacha/programmation/gluon/examples/kcl/tutorial1/build/CMakeFiles/CMakeTmp »
/usr/bin/cmake -E cmake_progress_report /home/sacha/programmation/gluon/examples/kcl/tutorial1/build/CMakeFiles/CMakeTmp/CMakeFiles 1
Building CXX object CMakeFiles/cmTryCompileExec.dir/src.cxx.o
/usr/bin/c++    -D_OFFT_IS_64BIT   -o CMakeFiles/cmTryCompileExec.dir/src.cxx.o -c /home/sacha/programmation/gluon/examples/kcl/tutorial1/build/CMakeFiles/CMakeTmp/src.cxx
/home/sacha/programmation/gluon/examples/kcl/tutorial1/build/CMakeFiles/CMakeTmp/src.cxx:9: attention : compteur de décalage vers la gauche >= à la largeur du type
/home/sacha/programmation/gluon/examples/kcl/tutorial1/build/CMakeFiles/CMakeTmp/src.cxx:9: attention : compteur de décalage vers la gauche >= à la largeur du type
/home/sacha/programmation/gluon/examples/kcl/tutorial1/build/CMakeFiles/CMakeTmp/src.cxx:9: attention : compteur de décalage vers la gauche >= à la largeur du type
/home/sacha/programmation/gluon/examples/kcl/tutorial1/build/CMakeFiles/CMakeTmp/src.cxx:9: attention : compteur de décalage vers la gauche >= à la largeur du type
/home/sacha/programmation/gluon/examples/kcl/tutorial1/build/CMakeFiles/CMakeTmp/src.cxx:9: erreur: size of array ‘off_t_is_large’ is negative
make[1]: *** [CMakeFiles/cmTryCompileExec.dir/src.cxx.o] Erreur 1
make[1]: quittant le répertoire « /home/sacha/programmation/gluon/examples/kcl/tutorial1/build/CMakeFiles/CMakeTmp »
make: *** [cmTryCompileExec/fast] Erreur 2

Source file was:

#include <sys/types.h>
 /* Check that off_t can represent 2**63 - 1 correctly.
    We can't simply define LARGE_OFF_T to be 9223372036854775807,
    since some C++ compilers masquerading as C compilers
    incorrectly reject 9223372036854775807.  */
#define LARGE_OFF_T (((off_t) 1 << 62) - 1 + ((off_t) 1 << 62))

  int off_t_is_large[(LARGE_OFF_T % 2147483629 == 721 && LARGE_OFF_T % 2147483647 == 1) ? 1 : -1];
  int main() { return 0; }

